<?xml version="1.0" encoding="UTF-8"?>
<testsuite name="exercise.ExerciseTest" tests="3" skipped="0" failures="0" errors="0" timestamp="2024-02-06T10:09:17" hostname="yrl6cnqc7c-mac" time="0.019">
  <properties/>
  <testcase name="testValidate()" classname="exercise.ExerciseTest" time="0.015"/>
  <testcase name="testCreateList()" classname="exercise.ExerciseTest" time="0.002"/>
  <testcase name="testGenerateRandomBoolean()" classname="exercise.ExerciseTest" time="0.001"/>
  <system-out><![CDATA[]]></system-out>
  <system-err><![CDATA[]]></system-err>
</testsuite>
